<?xml version="1.0" encoding="UTF-8"?>
<!-- Generated by org.testng.reporters.JUnitXMLReporter -->
<testsuite ignored="0" hostname="Devkant-DELL" failures="2" tests="10" name="Login Page Test" time="17.037" errors="0" timestamp="01 Sep 2021 15:25:27 GMT">
  <testcase classname="com.qa.opencart.tests.LoginPageTest" name="loginPageTitleTest" time="0.171"/>
  <testcase classname="com.qa.opencart.tests.LoginPageTest" name="loginPageHeaderTest" time="0.056">
    <skipped/>
  </testcase> <!-- loginPageHeaderTest -->
  <testcase classname="com.qa.opencart.tests.LoginPageTest" name="loginPageHeaderTest" time="0.019">
    <skipped/>
  </testcase> <!-- loginPageHeaderTest -->
  <testcase classname="com.qa.opencart.tests.LoginPageTest" name="loginPageHeaderTest" time="0.023">
    <skipped/>
  </testcase> <!-- loginPageHeaderTest -->
  <testcase classname="com.qa.opencart.tests.LoginPageTest" name="loginPageHeaderTest" time="0.021">
    <failure type="java.lang.AssertionError" message="....Header is not matched.... expected [Your Store11] but found [Your Store]">
      <![CDATA[java.lang.AssertionError: ....Header is not matched.... expected [Your Store11] but found [Your Store]
at com.qa.opencart.tests.LoginPageTest.loginPageHeaderTest(LoginPageTest.java:38)
at java.base/java.util.concurrent.FutureTask.run(FutureTask.java:264)
at java.base/java.util.concurrent.ThreadPoolExecutor.runWorker(ThreadPoolExecutor.java:1130)
at java.base/java.util.concurrent.ThreadPoolExecutor$Worker.run(ThreadPoolExecutor.java:630)
at java.base/java.lang.Thread.run(Thread.java:832)
... Removed 21 stack frames]]>
    </failure>
  </testcase> <!-- loginPageHeaderTest -->
  <testcase classname="com.qa.opencart.tests.LoginPageTest" name="forgotPwdLinkTest" time="0.05">
    <skipped/>
  </testcase> <!-- forgotPwdLinkTest -->
  <testcase classname="com.qa.opencart.tests.LoginPageTest" name="forgotPwdLinkTest" time="0.014">
    <skipped/>
  </testcase> <!-- forgotPwdLinkTest -->
  <testcase classname="com.qa.opencart.tests.LoginPageTest" name="forgotPwdLinkTest" time="0.016">
    <skipped/>
  </testcase> <!-- forgotPwdLinkTest -->
  <testcase classname="com.qa.opencart.tests.LoginPageTest" name="forgotPwdLinkTest" time="0.015">
    <failure type="org.openqa.selenium.NoSuchElementException" message="no such element: Unable to locate element: {&amp;quot;method&amp;quot;:&amp;quot;xpath&amp;quot;,&amp;quot;selector&amp;quot;:&amp;quot;//div[@class=&amp;apos;form-group&amp;apos;]//a[text()=&amp;apos;Forgotten Password11&amp;apos;]&amp;quot;}
  (Session info: chrome=92.0.4515.159)
For documentation on this error, please visit: https://www.seleniumhq.org/exceptions/no_such_element.html
Build info: version: &amp;apos;3.141.59&amp;apos;, revision: &amp;apos;e82be7d358&amp;apos;, time: &amp;apos;2018-11-14T08:17:03&amp;apos;
System info: host: &amp;apos;DEVKANT-DELL&amp;apos;, ip: &amp;apos;192.168.1.2&amp;apos;, os.name: &amp;apos;Windows 10&amp;apos;, os.arch: &amp;apos;amd64&amp;apos;, os.version: &amp;apos;10.0&amp;apos;, java.version: &amp;apos;15.0.2&amp;apos;
Driver info: org.openqa.selenium.chrome.ChromeDriver
Capabilities {acceptInsecureCerts: false, browserName: chrome, browserVersion: 92.0.4515.159, chrome: {chromedriverVersion: 92.0.4515.107 (87a818b10553..., userDataDir: C:\Users\dkris\AppData\Loca...}, goog:chromeOptions: {debuggerAddress: localhost:57265}, javascriptEnabled: true, networkConnectionEnabled: false, pageLoadStrategy: normal, platform: WINDOWS, platformName: WINDOWS, proxy: Proxy(), setWindowRect: true, strictFileInteractability: false, timeouts: {implicit: 0, pageLoad: 300000, script: 30000}, unhandledPromptBehavior: dismiss and notify, webauthn:extension:credBlob: true, webauthn:extension:largeBlob: true, webauthn:virtualAuthenticators: true}
Session ID: a706e8230d387ef6d57a180c45a2603d
*** Element info: {Using=xpath, value=//div[@class=&amp;apos;form-group&amp;apos;]//a[text()=&amp;apos;Forgotten Password11&amp;apos;]}">
      <![CDATA[org.openqa.selenium.NoSuchElementException: no such element: Unable to locate element: {"method":"xpath","selector":"//div[@class='form-group']//a[text()='Forgotten Password11']"}
  (Session info: chrome=92.0.4515.159)
For documentation on this error, please visit: https://www.seleniumhq.org/exceptions/no_such_element.html
Build info: version: '3.141.59', revision: 'e82be7d358', time: '2018-11-14T08:17:03'
System info: host: 'DEVKANT-DELL', ip: '192.168.1.2', os.name: 'Windows 10', os.arch: 'amd64', os.version: '10.0', java.version: '15.0.2'
Driver info: org.openqa.selenium.chrome.ChromeDriver
Capabilities {acceptInsecureCerts: false, browserName: chrome, browserVersion: 92.0.4515.159, chrome: {chromedriverVersion: 92.0.4515.107 (87a818b10553..., userDataDir: C:\Users\dkris\AppData\Loca...}, goog:chromeOptions: {debuggerAddress: localhost:57265}, javascriptEnabled: true, networkConnectionEnabled: false, pageLoadStrategy: normal, platform: WINDOWS, platformName: WINDOWS, proxy: Proxy(), setWindowRect: true, strictFileInteractability: false, timeouts: {implicit: 0, pageLoad: 300000, script: 30000}, unhandledPromptBehavior: dismiss and notify, webauthn:extension:credBlob: true, webauthn:extension:largeBlob: true, webauthn:virtualAuthenticators: true}
Session ID: a706e8230d387ef6d57a180c45a2603d
*** Element info: {Using=xpath, value=//div[@class='form-group']//a[text()='Forgotten Password11']}
at org.openqa.selenium.remote.http.W3CHttpResponseCodec.createException(W3CHttpResponseCodec.java:187)
at org.openqa.selenium.remote.http.W3CHttpResponseCodec.decode(W3CHttpResponseCodec.java:122)
at org.openqa.selenium.remote.http.W3CHttpResponseCodec.decode(W3CHttpResponseCodec.java:49)
at org.openqa.selenium.remote.HttpCommandExecutor.execute(HttpCommandExecutor.java:158)
at org.openqa.selenium.remote.service.DriverCommandExecutor.execute(DriverCommandExecutor.java:83)
at org.openqa.selenium.remote.RemoteWebDriver.execute(RemoteWebDriver.java:552)
at org.openqa.selenium.remote.RemoteWebDriver.findElement(RemoteWebDriver.java:323)
at org.openqa.selenium.remote.RemoteWebDriver.findElementByXPath(RemoteWebDriver.java:428)
at org.openqa.selenium.By$ByXPath.findElement(By.java:353)
at org.openqa.selenium.remote.RemoteWebDriver.findElement(RemoteWebDriver.java:315)
at com.qa.opencart.utils.ElementUtil.getElement(ElementUtil.java:75)
at com.qa.opencart.utils.ElementUtil.doIsDisplayed(ElementUtil.java:109)
at com.qa.opencart.pages.LoginPage.isForgotPwdLinkExist(LoginPage.java:44)
at com.qa.opencart.tests.LoginPageTest.forgotPwdLinkTest(LoginPageTest.java:45)
at java.base/java.util.concurrent.FutureTask.run(FutureTask.java:264)
at java.base/java.util.concurrent.ThreadPoolExecutor.runWorker(ThreadPoolExecutor.java:1130)
at java.base/java.util.concurrent.ThreadPoolExecutor$Worker.run(ThreadPoolExecutor.java:630)
at java.base/java.lang.Thread.run(Thread.java:832)
... Removed 21 stack frames]]>
    </failure>
  </testcase> <!-- forgotPwdLinkTest -->
  <testcase classname="com.qa.opencart.tests.LoginPageTest" name="loginTest" time="2.831"/>
</testsuite> <!-- Login Page Test -->
