<?xml version="1.0" encoding="UTF-8"?>
<!-- Generated by org.testng.reporters.JUnitReportReporter -->
<testsuite hostname="Devkant-DELL" failures="1" tests="13" name="com.qa.opencart.tests.AccountsPageTest" time="21.593" errors="0" timestamp="01 Sep 2021 15:25:49 GMT" skipped="3">
  <testcase classname="com.qa.opencart.tests.AccountsPageTest" name="accPageTitleTest" time="0.013"/>
  <testcase classname="com.qa.opencart.tests.AccountsPageTest" name="accPageHeaderTest" time="0.016">
    <skipped/>
  </testcase> <!-- accPageHeaderTest -->
  <testcase classname="com.qa.opencart.tests.AccountsPageTest" name="accPageHeaderTest" time="0.031">
    <skipped/>
  </testcase> <!-- accPageHeaderTest -->
  <testcase classname="com.qa.opencart.tests.AccountsPageTest" name="accPageHeaderTest" time="0.016">
    <failure message="expected [Your Store11] but found [Your Store]" type="java.lang.AssertionError">
      <![CDATA[java.lang.AssertionError: expected [Your Store11] but found [Your Store]
at org.testng.Assert.fail(Assert.java:96)
at org.testng.Assert.failNotEquals(Assert.java:776)
at org.testng.Assert.assertEqualsImpl(Assert.java:137)
at org.testng.Assert.assertEquals(Assert.java:118)
at org.testng.Assert.assertEquals(Assert.java:453)
at org.testng.Assert.assertEquals(Assert.java:463)
at com.qa.opencart.tests.AccountsPageTest.accPageHeaderTest(AccountsPageTest.java:46)
at java.base/jdk.internal.reflect.NativeMethodAccessorImpl.invoke0(Native Method)
at java.base/jdk.internal.reflect.NativeMethodAccessorImpl.invoke(NativeMethodAccessorImpl.java:64)
at java.base/jdk.internal.reflect.DelegatingMethodAccessorImpl.invoke(DelegatingMethodAccessorImpl.java:43)
at java.base/java.lang.reflect.Method.invoke(Method.java:564)
at org.testng.internal.MethodInvocationHelper.invokeMethod(MethodInvocationHelper.java:124)
at org.testng.internal.Invoker.invokeMethod(Invoker.java:583)
at org.testng.internal.Invoker.retryFailed(Invoker.java:839)
at org.testng.internal.Invoker.invokeTestMethods(Invoker.java:1010)
at org.testng.internal.TestMethodWorker.invokeTestMethods(TestMethodWorker.java:125)
at org.testng.internal.TestMethodWorker.run(TestMethodWorker.java:109)
at org.testng.TestRunner.privateRun(TestRunner.java:648)
at org.testng.TestRunner.run(TestRunner.java:505)
at org.testng.SuiteRunner.runTest(SuiteRunner.java:455)
at org.testng.SuiteRunner.access$000(SuiteRunner.java:40)
at org.testng.SuiteRunner$SuiteWorker.run(SuiteRunner.java:489)
at org.testng.internal.thread.ThreadUtil$1.call(ThreadUtil.java:52)
at java.base/java.util.concurrent.FutureTask.run(FutureTask.java:264)
at java.base/java.util.concurrent.ThreadPoolExecutor.runWorker(ThreadPoolExecutor.java:1130)
at java.base/java.util.concurrent.ThreadPoolExecutor$Worker.run(ThreadPoolExecutor.java:630)
at java.base/java.lang.Thread.run(Thread.java:832)
]]>
    </failure>
  </testcase> <!-- accPageHeaderTest -->
  <testcase classname="com.qa.opencart.tests.AccountsPageTest" name="accPageHeaderTest" time="0.018">
    <skipped/>
  </testcase> <!-- accPageHeaderTest -->
  <testcase classname="com.qa.opencart.tests.AccountsPageTest" name="accSectionsListTest" time="0.069"/>
  <testcase classname="com.qa.opencart.tests.AccountsPageTest" name="logoutLinkExistTest" time="0.064"/>
  <testcase classname="com.qa.opencart.tests.AccountsPageTest" name="searchTest" time="2.284"/>
  <testcase classname="com.qa.opencart.tests.AccountsPageTest" name="searchTest" time="2.491"/>
  <testcase classname="com.qa.opencart.tests.AccountsPageTest" name="searchTest" time="2.216"/>
  <testcase classname="com.qa.opencart.tests.AccountsPageTest" name="selectProductTest" time="4.690"/>
  <testcase classname="com.qa.opencart.tests.AccountsPageTest" name="selectProductTest" time="3.568"/>
  <testcase classname="com.qa.opencart.tests.AccountsPageTest" name="selectProductTest" time="6.117"/>
</testsuite> <!-- com.qa.opencart.tests.AccountsPageTest -->
